<?xml version="1.0" encoding="UTF-8"?><testsuite errors="2" failures="0" name="schedule appointment" skipped="0" tests="2" time="3.05" timestamp="2018-06-17 09:28:40"><testcase name="Title of your scenario outline"><error message="Could not instantiate class org.openqa.selenium.ie.InternetExplorerDriver" type="net.thucydides.core.webdriver.UnsupportedDriverException">Could not instantiate class org.openqa.selenium.ie.InternetExplorerDriver</error><system-err>Could not instantiate class org.openqa.selenium.ie.InternetExplorerDriver&#13;
co.com.bancolombia.automatizacion.herokuap.tasks.OpenTheBrowser.performAs(OpenTheBrowser.java:20)&#13;
co.com.bancolombia.automatizacion.herokuap.step_definitions.HerokuapAgendarCitaStepDefinitions.that_user_want_open_the_herokuapp_platform(HerokuapAgendarCitaStepDefinitions.java:37)&#13;
cucumber.runner.Runner.runPickle(Runner.java:80)&#13;
org.eclipse.jdt.internal.junit4.runner.JUnit4TestReference.run(JUnit4TestReference.java:86)&#13;
org.eclipse.jdt.internal.junit.runner.TestExecution.run(TestExecution.java:38)&#13;
org.eclipse.jdt.internal.junit.runner.RemoteTestRunner.runTests(RemoteTestRunner.java:538)&#13;
org.eclipse.jdt.internal.junit.runner.RemoteTestRunner.runTests(RemoteTestRunner.java:760)&#13;
org.eclipse.jdt.internal.junit.runner.RemoteTestRunner.run(RemoteTestRunner.java:460)&#13;
org.eclipse.jdt.internal.junit.runner.RemoteTestRunner.main(RemoteTestRunner.java:206)&#13;
</system-err></testcase></testsuite>